# JRE version: OpenJDK Runtime Environment Temurin-21.0.7+6 (21.0.7+6) (build 21.0.7+6-LTS)
# Java VM: OpenJDK 64-Bit Server VM Temurin-21.0.7+6 (21.0.7+6-LTS, mixed mode, sharing, tiered, compressed oops, compressed class ptrs, g1 gc, windows-amd64)
GC Precious Log:
 CardTable entry size: 512
 Card Set container configuration: InlinePtr #cards 5 size 8 Array Of Cards #cards 12 size 40 Howl #buckets 4 coarsen threshold 1843 Howl Bitmap #cards 512 size 80 coarsen threshold 460 Card regions per heap region 1 cards per card region 2048
 CPUs: 6 total, 6 available
 Memory: 8125M
 Large Page Support: Disabled
 NUMA Support: Disabled
 Compressed Oops: Enabled (32-bit)
 Heap Region Size: 1M
 Heap Min Capacity: 8M
 Heap Initial Capacity: 128M
 Heap Max Capacity: 2032M
 Pre-touch: Disabled
 Parallel Workers: 6
 Concurrent Workers: 2
 Concurrent Refinement Workers: 6
 Periodic GC: Disabled
Heap:
 garbage-first heap   total 73728K, used 51979K [0x0000000081000000, 0x0000000100000000)
  region size 1024K, 17 young (17408K), 4 survivors (4096K)
 Metaspace       used 87234K, committed 88064K, reserved 1179648K
  class space    used 11879K, committed 12288K, reserved 1048576K
GC Heap History (20 events):
Event: 5.423 GC heap before
{Heap before GC invocations=13 (full 0):
 garbage-first heap   total 61440K, used 33783K [0x0000000081000000, 0x0000000100000000)
  region size 1024K, 9 young (9216K), 2 survivors (2048K)
 Metaspace       used 59522K, committed 60160K, reserved 1114112K
  class space    used 8005K, committed 8320K, reserved 1048576K
}
Event: 5.425 GC heap after
{Heap after GC invocations=14 (full 0):
 garbage-first heap   total 61440K, used 27544K [0x0000000081000000, 0x0000000100000000)
  region size 1024K, 2 young (2048K), 2 survivors (2048K)
 Metaspace       used 59522K, committed 60160K, reserved 1114112K
  class space    used 8005K, committed 8320K, reserved 1048576K
}
Event: 5.907 GC heap before
{Heap before GC invocations=15 (full 0):
 garbage-first heap   total 61440K, used 54168K [0x0000000081000000, 0x0000000100000000)
  region size 1024K, 28 young (28672K), 2 survivors (2048K)
 Metaspace       used 65065K, committed 65728K, reserved 1114112K
  class space    used 8861K, committed 9152K, reserved 1048576K
}
Event: 5.909 GC heap after
{Heap after GC invocations=16 (full 0):
 garbage-first heap   total 61440K, used 29785K [0x0000000081000000, 0x0000000100000000)
  region size 1024K, 4 young (4096K), 4 survivors (4096K)
 Metaspace       used 65065K, committed 65728K, reserved 1114112K
  class space    used 8861K, committed 9152K, reserved 1048576K
}
Event: 6.196 GC heap before
{Heap before GC invocations=16 (full 0):
 garbage-first heap   total 61440K, used 52313K [0x0000000081000000, 0x0000000100000000)
  region size 1024K, 27 young (27648K), 4 survivors (4096K)
 Metaspace       used 67877K, committed 68544K, reserved 1114112K
  class space    used 9437K, committed 9728K, reserved 1048576K
}
Event: 6.200 GC heap after
{Heap after GC invocations=17 (full 0):
 garbage-first heap   total 61440K, used 31363K [0x0000000081000000, 0x0000000100000000)
  region size 1024K, 3 young (3072K), 3 survivors (3072K)
 Metaspace       used 67877K, committed 68544K, reserved 1114112K
  class space    used 9437K, committed 9728K, reserved 1048576K
}
Event: 6.263 GC heap before
{Heap before GC invocations=17 (full 0):
 garbage-first heap   total 61440K, used 52867K [0x0000000081000000, 0x0000000100000000)
  region size 1024K, 25 young (25600K), 3 survivors (3072K)
 Metaspace       used 67895K, committed 68544K, reserved 1114112K
  class space    used 9437K, committed 9728K, reserved 1048576K
}
Event: 6.266 GC heap after
{Heap after GC invocations=18 (full 0):
 garbage-first heap   total 61440K, used 31754K [0x0000000081000000, 0x0000000100000000)
  region size 1024K, 3 young (3072K), 3 survivors (3072K)
 Metaspace       used 67895K, committed 68544K, reserved 1114112K
  class space    used 9437K, committed 9728K, reserved 1048576K
}
Event: 6.921 GC heap before
{Heap before GC invocations=19 (full 0):
 garbage-first heap   total 61440K, used 53258K [0x0000000081000000, 0x0000000100000000)
  region size 1024K, 25 young (25600K), 3 survivors (3072K)
 Metaspace       used 75558K, committed 76224K, reserved 1179648K
  class space    used 10337K, committed 10624K, reserved 1048576K
}
Event: 6.925 GC heap after
{Heap after GC invocations=20 (full 0):
 garbage-first heap   total 61440K, used 35538K [0x0000000081000000, 0x0000000100000000)
  region size 1024K, 4 young (4096K), 4 survivors (4096K)
 Metaspace       used 75558K, committed 76224K, reserved 1179648K
  class space    used 10337K, committed 10624K, reserved 1048576K
}
Event: 8.074 GC heap before
{Heap before GC invocations=20 (full 0):
 garbage-first heap   total 61440K, used 52946K [0x0000000081000000, 0x0000000100000000)
  region size 1024K, 22 young (22528K), 4 survivors (4096K)
 Metaspace       used 78876K, committed 79616K, reserved 1179648K
  class space    used 10762K, committed 11072K, reserved 1048576K
}
Event: 8.077 GC heap after
{Heap after GC invocations=21 (full 0):
 garbage-first heap   total 61440K, used 35119K [0x0000000081000000, 0x0000000100000000)
  region size 1024K, 2 young (2048K), 2 survivors (2048K)
 Metaspace       used 78876K, committed 79616K, reserved 1179648K
  class space    used 10762K, committed 11072K, reserved 1048576K
}
Event: 8.174 GC heap before
{Heap before GC invocations=21 (full 0):
 garbage-first heap   total 61440K, used 54575K [0x0000000081000000, 0x0000000100000000)
  region size 1024K, 21 young (21504K), 2 survivors (2048K)
 Metaspace       used 79194K, committed 79936K, reserved 1179648K
  class space    used 10788K, committed 11136K, reserved 1048576K
}
Event: 8.175 GC heap after
{Heap after GC invocations=22 (full 0):
 garbage-first heap   total 61440K, used 35615K [0x0000000081000000, 0x0000000100000000)
  region size 1024K, 2 young (2048K), 2 survivors (2048K)
 Metaspace       used 79194K, committed 79936K, reserved 1179648K
  class space    used 10788K, committed 11136K, reserved 1048576K
}
Event: 8.454 GC heap before
{Heap before GC invocations=23 (full 0):
 garbage-first heap   total 61440K, used 56095K [0x0000000081000000, 0x0000000100000000)
  region size 1024K, 22 young (22528K), 2 survivors (2048K)
 Metaspace       used 81450K, committed 82240K, reserved 1179648K
  class space    used 11089K, committed 11456K, reserved 1048576K
}
Event: 8.456 GC heap after
{Heap after GC invocations=24 (full 0):
 garbage-first heap   total 61440K, used 37074K [0x0000000081000000, 0x0000000100000000)
  region size 1024K, 3 young (3072K), 3 survivors (3072K)
 Metaspace       used 81450K, committed 82240K, reserved 1179648K
  class space    used 11089K, committed 11456K, reserved 1048576K
}
Event: 8.665 GC heap before
{Heap before GC invocations=24 (full 0):
 garbage-first heap   total 61440K, used 54482K [0x0000000081000000, 0x0000000100000000)
  region size 1024K, 20 young (20480K), 3 survivors (3072K)
 Metaspace       used 82693K, committed 83520K, reserved 1179648K
  class space    used 11266K, committed 11584K, reserved 1048576K
}
Event: 8.669 GC heap after
{Heap after GC invocations=25 (full 0):
 garbage-first heap   total 73728K, used 38379K [0x0000000081000000, 0x0000000100000000)
  region size 1024K, 3 young (3072K), 3 survivors (3072K)
 Metaspace       used 82693K, committed 83520K, reserved 1179648K
  class space    used 11266K, committed 11584K, reserved 1048576K
}
Event: 9.031 GC heap before
{Heap before GC invocations=25 (full 0):
 garbage-first heap   total 73728K, used 65003K [0x0000000081000000, 0x0000000100000000)
  region size 1024K, 29 young (29696K), 3 survivors (3072K)
 Metaspace       used 85030K, committed 85888K, reserved 1179648K
  class space    used 11592K, committed 11968K, reserved 1048576K
}
Event: 9.035 GC heap after
{Heap after GC invocations=26 (full 0):
 garbage-first heap   total 73728K, used 40715K [0x0000000081000000, 0x0000000100000000)
  region size 1024K, 4 young (4096K), 4 survivors (4096K)
 Metaspace       used 85030K, committed 85888K, reserved 1179648K
  class space    used 11592K, committed 11968K, reserved 1048576K
}

