# JRE version: OpenJDK Runtime Environment Temurin-21.0.7+6 (21.0.7+6) (build 21.0.7+6-LTS)
# Java VM: OpenJDK 64-Bit Server VM Temurin-21.0.7+6 (21.0.7+6-LTS, mixed mode, sharing, tiered, compressed oops, compressed class ptrs, parallel gc, windows-amd64)
GC Precious Log:
 CardTable entry size: 512
 CPUs: 6 total, 6 available
 Memory: 8125M
 Large Page Support: Disabled
 NUMA Support: Disabled
 Compressed Oops: Enabled (32-bit)
 Alignments: Space 512K, Generation 512K, Heap 2M
 Heap Min Capacity: 100M
 Heap Initial Capacity: 100M
 Heap Max Capacity: 1G
 Pre-touch: Disabled
 Parallel Workers: 6
Heap:
 PSYoungGen      total 13824K, used 12765K [0x00000000eab00000, 0x00000000ec000000, 0x0000000100000000)
  eden space 11264K, 90% used [0x00000000eab00000,0x00000000eb4f7d70,0x00000000eb600000)
  from space 2560K, 99% used [0x00000000eb700000,0x00000000eb97fa00,0x00000000eb980000)
  to   space 5120K, 0% used [0x00000000ebb00000,0x00000000ebb00000,0x00000000ec000000)
 ParOldGen       total 325632K, used 325551K [0x00000000c0000000, 0x00000000d3e00000, 0x00000000eab00000)
  object space 325632K, 99% used [0x00000000c0000000,0x00000000d3debe90,0x00000000d3e00000)
 Metaspace       used 60584K, committed 62016K, reserved 1114112K
  class space    used 6186K, committed 6784K, reserved 1048576K
GC Heap History (20 events):
Event: 11.588 GC heap before
{Heap before GC invocations=264 (full 3):
 PSYoungGen      total 5120K, used 4940K [0x00000000eab00000, 0x00000000eb180000, 0x0000000100000000)
  eden space 3584K, 100% used [0x00000000eab00000,0x00000000eae80000,0x00000000eae80000)
  from space 1536K, 88% used [0x00000000eae80000,0x00000000eafd3330,0x00000000eb000000)
  to   space 1536K, 0% used [0x00000000eb000000,0x00000000eb000000,0x00000000eb180000)
 ParOldGen       total 304128K, used 303808K [0x00000000c0000000, 0x00000000d2900000, 0x00000000eab00000)
  object space 304128K, 99% used [0x00000000c0000000,0x00000000d28b02a0,0x00000000d2900000)
 Metaspace       used 60243K, committed 61696K, reserved 1114112K
  class space    used 6185K, committed 6784K, reserved 1048576K
}
Event: 11.590 GC heap after
{Heap after GC invocations=264 (full 3):
 PSYoungGen      total 5120K, used 1299K [0x00000000eab00000, 0x00000000eb180000, 0x0000000100000000)
  eden space 3584K, 0% used [0x00000000eab00000,0x00000000eab00000,0x00000000eae80000)
  from space 1536K, 84% used [0x00000000eb000000,0x00000000eb144c58,0x00000000eb180000)
  to   space 1536K, 0% used [0x00000000eae80000,0x00000000eae80000,0x00000000eb000000)
 ParOldGen       total 305152K, used 305115K [0x00000000c0000000, 0x00000000d2a00000, 0x00000000eab00000)
  object space 305152K, 99% used [0x00000000c0000000,0x00000000d29f6fa8,0x00000000d2a00000)
 Metaspace       used 60243K, committed 61696K, reserved 1114112K
  class space    used 6185K, committed 6784K, reserved 1048576K
}
Event: 11.593 GC heap before
{Heap before GC invocations=265 (full 3):
 PSYoungGen      total 5120K, used 4883K [0x00000000eab00000, 0x00000000eb180000, 0x0000000100000000)
  eden space 3584K, 100% used [0x00000000eab00000,0x00000000eae80000,0x00000000eae80000)
  from space 1536K, 84% used [0x00000000eb000000,0x00000000eb144c58,0x00000000eb180000)
  to   space 1536K, 0% used [0x00000000eae80000,0x00000000eae80000,0x00000000eb000000)
 ParOldGen       total 305152K, used 305115K [0x00000000c0000000, 0x00000000d2a00000, 0x00000000eab00000)
  object space 305152K, 99% used [0x00000000c0000000,0x00000000d29f6fa8,0x00000000d2a00000)
 Metaspace       used 60243K, committed 61696K, reserved 1114112K
  class space    used 6185K, committed 6784K, reserved 1048576K
}
Event: 11.595 GC heap after
{Heap after GC invocations=265 (full 3):
 PSYoungGen      total 5120K, used 1340K [0x00000000eab00000, 0x00000000eb280000, 0x0000000100000000)
  eden space 3584K, 0% used [0x00000000eab00000,0x00000000eab00000,0x00000000eae80000)
  from space 1536K, 87% used [0x00000000eae80000,0x00000000eafcf398,0x00000000eb000000)
  to   space 1536K, 0% used [0x00000000eb100000,0x00000000eb100000,0x00000000eb280000)
 ParOldGen       total 306688K, used 306346K [0x00000000c0000000, 0x00000000d2b80000, 0x00000000eab00000)
  object space 306688K, 99% used [0x00000000c0000000,0x00000000d2b2a8a0,0x00000000d2b80000)
 Metaspace       used 60243K, committed 61696K, reserved 1114112K
  class space    used 6185K, committed 6784K, reserved 1048576K
}
Event: 11.619 GC heap before
{Heap before GC invocations=266 (full 3):
 PSYoungGen      total 5120K, used 4910K [0x00000000eab00000, 0x00000000eb280000, 0x0000000100000000)
  eden space 3584K, 99% used [0x00000000eab00000,0x00000000eae7c6d0,0x00000000eae80000)
  from space 1536K, 87% used [0x00000000eae80000,0x00000000eafcf398,0x00000000eb000000)
  to   space 1536K, 0% used [0x00000000eb100000,0x00000000eb100000,0x00000000eb280000)
 ParOldGen       total 306688K, used 306346K [0x00000000c0000000, 0x00000000d2b80000, 0x00000000eab00000)
  object space 306688K, 99% used [0x00000000c0000000,0x00000000d2b2a8a0,0x00000000d2b80000)
 Metaspace       used 60247K, committed 61696K, reserved 1114112K
  class space    used 6185K, committed 6784K, reserved 1048576K
}
Event: 11.621 GC heap after
{Heap after GC invocations=266 (full 3):
 PSYoungGen      total 5632K, used 830K [0x00000000eab00000, 0x00000000eb200000, 0x0000000100000000)
  eden space 4608K, 0% used [0x00000000eab00000,0x00000000eab00000,0x00000000eaf80000)
  from space 1024K, 81% used [0x00000000eb100000,0x00000000eb1cf840,0x00000000eb200000)
  to   space 1024K, 0% used [0x00000000eb000000,0x00000000eb000000,0x00000000eb100000)
 ParOldGen       total 307712K, used 307624K [0x00000000c0000000, 0x00000000d2c80000, 0x00000000eab00000)
  object space 307712K, 99% used [0x00000000c0000000,0x00000000d2c6a1c0,0x00000000d2c80000)
 Metaspace       used 60247K, committed 61696K, reserved 1114112K
  class space    used 6185K, committed 6784K, reserved 1048576K
}
Event: 11.625 GC heap before
{Heap before GC invocations=267 (full 3):
 PSYoungGen      total 5632K, used 5433K [0x00000000eab00000, 0x00000000eb200000, 0x0000000100000000)
  eden space 4608K, 99% used [0x00000000eab00000,0x00000000eaf7ef68,0x00000000eaf80000)
  from space 1024K, 81% used [0x00000000eb100000,0x00000000eb1cf840,0x00000000eb200000)
  to   space 1024K, 0% used [0x00000000eb000000,0x00000000eb000000,0x00000000eb100000)
 ParOldGen       total 307712K, used 307624K [0x00000000c0000000, 0x00000000d2c80000, 0x00000000eab00000)
  object space 307712K, 99% used [0x00000000c0000000,0x00000000d2c6a1c0,0x00000000d2c80000)
 Metaspace       used 60249K, committed 61696K, reserved 1114112K
  class space    used 6185K, committed 6784K, reserved 1048576K
}
Event: 11.626 GC heap after
{Heap after GC invocations=267 (full 3):
 PSYoungGen      total 6144K, used 1018K [0x00000000eab00000, 0x00000000eb680000, 0x0000000100000000)
  eden space 5120K, 0% used [0x00000000eab00000,0x00000000eab00000,0x00000000eb000000)
  from space 1024K, 99% used [0x00000000eb000000,0x00000000eb0fe918,0x00000000eb100000)
  to   space 3072K, 0% used [0x00000000eb380000,0x00000000eb380000,0x00000000eb680000)
 ParOldGen       total 309248K, used 309065K [0x00000000c0000000, 0x00000000d2e00000, 0x00000000eab00000)
  object space 309248K, 99% used [0x00000000c0000000,0x00000000d2dd2518,0x00000000d2e00000)
 Metaspace       used 60249K, committed 61696K, reserved 1114112K
  class space    used 6185K, committed 6784K, reserved 1048576K
}
Event: 11.635 GC heap before
{Heap before GC invocations=268 (full 3):
 PSYoungGen      total 6144K, used 6138K [0x00000000eab00000, 0x00000000eb680000, 0x0000000100000000)
  eden space 5120K, 100% used [0x00000000eab00000,0x00000000eb000000,0x00000000eb000000)
  from space 1024K, 99% used [0x00000000eb000000,0x00000000eb0fe918,0x00000000eb100000)
  to   space 3072K, 0% used [0x00000000eb380000,0x00000000eb380000,0x00000000eb680000)
 ParOldGen       total 309248K, used 309065K [0x00000000c0000000, 0x00000000d2e00000, 0x00000000eab00000)
  object space 309248K, 99% used [0x00000000c0000000,0x00000000d2dd2518,0x00000000d2e00000)
 Metaspace       used 60251K, committed 61696K, reserved 1114112K
  class space    used 6185K, committed 6784K, reserved 1048576K
}
Event: 11.638 GC heap after
{Heap after GC invocations=268 (full 3):
 PSYoungGen      total 8192K, used 1584K [0x00000000eab00000, 0x00000000eb580000, 0x0000000100000000)
  eden space 6144K, 0% used [0x00000000eab00000,0x00000000eab00000,0x00000000eb100000)
  from space 2048K, 77% used [0x00000000eb380000,0x00000000eb50c300,0x00000000eb580000)
  to   space 2048K, 0% used [0x00000000eb180000,0x00000000eb180000,0x00000000eb380000)
 ParOldGen       total 310272K, used 309965K [0x00000000c0000000, 0x00000000d2f00000, 0x00000000eab00000)
  object space 310272K, 99% used [0x00000000c0000000,0x00000000d2eb3458,0x00000000d2f00000)
 Metaspace       used 60251K, committed 61696K, reserved 1114112K
  class space    used 6185K, committed 6784K, reserved 1048576K
}
Event: 11.647 GC heap before
{Heap before GC invocations=269 (full 3):
 PSYoungGen      total 8192K, used 7728K [0x00000000eab00000, 0x00000000eb580000, 0x0000000100000000)
  eden space 6144K, 100% used [0x00000000eab00000,0x00000000eb100000,0x00000000eb100000)
  from space 2048K, 77% used [0x00000000eb380000,0x00000000eb50c300,0x00000000eb580000)
  to   space 2048K, 0% used [0x00000000eb180000,0x00000000eb180000,0x00000000eb380000)
 ParOldGen       total 310272K, used 309965K [0x00000000c0000000, 0x00000000d2f00000, 0x00000000eab00000)
  object space 310272K, 99% used [0x00000000c0000000,0x00000000d2eb3458,0x00000000d2f00000)
 Metaspace       used 60251K, committed 61696K, reserved 1114112K
  class space    used 6185K, committed 6784K, reserved 1048576K
}
Event: 11.649 GC heap after
{Heap after GC invocations=269 (full 3):
 PSYoungGen      total 8704K, used 2045K [0x00000000eab00000, 0x00000000ebb80000, 0x0000000100000000)
  eden space 6656K, 0% used [0x00000000eab00000,0x00000000eab00000,0x00000000eb180000)
  from space 2048K, 99% used [0x00000000eb180000,0x00000000eb37f6e8,0x00000000eb380000)
  to   space 4608K, 0% used [0x00000000eb700000,0x00000000eb700000,0x00000000ebb80000)
 ParOldGen       total 312320K, used 311893K [0x00000000c0000000, 0x00000000d3100000, 0x00000000eab00000)
  object space 312320K, 99% used [0x00000000c0000000,0x00000000d30957e8,0x00000000d3100000)
 Metaspace       used 60251K, committed 61696K, reserved 1114112K
  class space    used 6185K, committed 6784K, reserved 1048576K
}
Event: 11.676 GC heap before
{Heap before GC invocations=270 (full 3):
 PSYoungGen      total 8704K, used 8672K [0x00000000eab00000, 0x00000000ebb80000, 0x0000000100000000)
  eden space 6656K, 99% used [0x00000000eab00000,0x00000000eb178a90,0x00000000eb180000)
  from space 2048K, 99% used [0x00000000eb180000,0x00000000eb37f6e8,0x00000000eb380000)
  to   space 4608K, 0% used [0x00000000eb700000,0x00000000eb700000,0x00000000ebb80000)
 ParOldGen       total 312320K, used 311893K [0x00000000c0000000, 0x00000000d3100000, 0x00000000eab00000)
  object space 312320K, 99% used [0x00000000c0000000,0x00000000d30957e8,0x00000000d3100000)
 Metaspace       used 60272K, committed 61696K, reserved 1114112K
  class space    used 6185K, committed 6784K, reserved 1048576K
}
Event: 11.678 GC heap after
{Heap after GC invocations=270 (full 3):
 PSYoungGen      total 10240K, used 1983K [0x00000000eab00000, 0x00000000eb900000, 0x0000000100000000)
  eden space 8192K, 0% used [0x00000000eab00000,0x00000000eab00000,0x00000000eb300000)
  from space 2048K, 96% used [0x00000000eb700000,0x00000000eb8efd40,0x00000000eb900000)
  to   space 3072K, 0% used [0x00000000eb300000,0x00000000eb300000,0x00000000eb600000)
 ParOldGen       total 314368K, used 313867K [0x00000000c0000000, 0x00000000d3300000, 0x00000000eab00000)
  object space 314368K, 99% used [0x00000000c0000000,0x00000000d3282c48,0x00000000d3300000)
 Metaspace       used 60272K, committed 61696K, reserved 1114112K
  class space    used 6185K, committed 6784K, reserved 1048576K
}
Event: 11.684 GC heap before
{Heap before GC invocations=271 (full 3):
 PSYoungGen      total 10240K, used 10175K [0x00000000eab00000, 0x00000000eb900000, 0x0000000100000000)
  eden space 8192K, 100% used [0x00000000eab00000,0x00000000eb300000,0x00000000eb300000)
  from space 2048K, 96% used [0x00000000eb700000,0x00000000eb8efd40,0x00000000eb900000)
  to   space 3072K, 0% used [0x00000000eb300000,0x00000000eb300000,0x00000000eb600000)
 ParOldGen       total 314368K, used 313867K [0x00000000c0000000, 0x00000000d3300000, 0x00000000eab00000)
  object space 314368K, 99% used [0x00000000c0000000,0x00000000d3282c48,0x00000000d3300000)
 Metaspace       used 60293K, committed 61696K, reserved 1114112K
  class space    used 6185K, committed 6784K, reserved 1048576K
}
Event: 11.686 GC heap after
{Heap after GC invocations=271 (full 3):
 PSYoungGen      total 11264K, used 3050K [0x00000000eab00000, 0x00000000ec000000, 0x0000000100000000)
  eden space 8192K, 0% used [0x00000000eab00000,0x00000000eab00000,0x00000000eb300000)
  from space 3072K, 99% used [0x00000000eb300000,0x00000000eb5faa50,0x00000000eb600000)
  to   space 5632K, 0% used [0x00000000eba80000,0x00000000eba80000,0x00000000ec000000)
 ParOldGen       total 315904K, used 315876K [0x00000000c0000000, 0x00000000d3480000, 0x00000000eab00000)
  object space 315904K, 99% used [0x00000000c0000000,0x00000000d3479128,0x00000000d3480000)
 Metaspace       used 60293K, committed 61696K, reserved 1114112K
  class space    used 6185K, committed 6784K, reserved 1048576K
}
Event: 11.694 GC heap before
{Heap before GC invocations=272 (full 3):
 PSYoungGen      total 11264K, used 11242K [0x00000000eab00000, 0x00000000ec000000, 0x0000000100000000)
  eden space 8192K, 100% used [0x00000000eab00000,0x00000000eb300000,0x00000000eb300000)
  from space 3072K, 99% used [0x00000000eb300000,0x00000000eb5faa50,0x00000000eb600000)
  to   space 5632K, 0% used [0x00000000eba80000,0x00000000eba80000,0x00000000ec000000)
 ParOldGen       total 315904K, used 315876K [0x00000000c0000000, 0x00000000d3480000, 0x00000000eab00000)
  object space 315904K, 99% used [0x00000000c0000000,0x00000000d3479128,0x00000000d3480000)
 Metaspace       used 60300K, committed 61760K, reserved 1114112K
  class space    used 6185K, committed 6784K, reserved 1048576K
}
Event: 11.697 GC heap after
{Heap after GC invocations=272 (full 3):
 PSYoungGen      total 13824K, used 3214K [0x00000000eab00000, 0x00000000ebe00000, 0x0000000100000000)
  eden space 10240K, 0% used [0x00000000eab00000,0x00000000eab00000,0x00000000eb500000)
  from space 3584K, 89% used [0x00000000eba80000,0x00000000ebda3b98,0x00000000ebe00000)
  to   space 4096K, 0% used [0x00000000eb600000,0x00000000eb600000,0x00000000eba00000)
 ParOldGen       total 318976K, used 318865K [0x00000000c0000000, 0x00000000d3780000, 0x00000000eab00000)
  object space 318976K, 99% used [0x00000000c0000000,0x00000000d3764528,0x00000000d3780000)
 Metaspace       used 60300K, committed 61760K, reserved 1114112K
  class space    used 6185K, committed 6784K, reserved 1048576K
}
Event: 11.734 GC heap before
{Heap before GC invocations=273 (full 3):
 PSYoungGen      total 13824K, used 13454K [0x00000000eab00000, 0x00000000ebe00000, 0x0000000100000000)
  eden space 10240K, 100% used [0x00000000eab00000,0x00000000eb500000,0x00000000eb500000)
  from space 3584K, 89% used [0x00000000eba80000,0x00000000ebda3b98,0x00000000ebe00000)
  to   space 4096K, 0% used [0x00000000eb600000,0x00000000eb600000,0x00000000eba00000)
 ParOldGen       total 318976K, used 318865K [0x00000000c0000000, 0x00000000d3780000, 0x00000000eab00000)
  object space 318976K, 99% used [0x00000000c0000000,0x00000000d3764528,0x00000000d3780000)
 Metaspace       used 60327K, committed 61760K, reserved 1114112K
  class space    used 6185K, committed 6784K, reserved 1048576K
}
Event: 11.738 GC heap after
{Heap after GC invocations=273 (full 3):
 PSYoungGen      total 15360K, used 2666K [0x00000000eab00000, 0x00000000ebd00000, 0x0000000100000000)
  eden space 11264K, 0% used [0x00000000eab00000,0x00000000eab00000,0x00000000eb600000)
  from space 4096K, 65% used [0x00000000eb600000,0x00000000eb89a888,0x00000000eba00000)
  to   space 3072K, 0% used [0x00000000eba00000,0x00000000eba00000,0x00000000ebd00000)
 ParOldGen       total 322048K, used 321727K [0x00000000c0000000, 0x00000000d3a80000, 0x00000000eab00000)
  object space 322048K, 99% used [0x00000000c0000000,0x00000000d3a2fe08,0x00000000d3a80000)
 Metaspace       used 60327K, committed 61760K, reserved 1114112K
  class space    used 6185K, committed 6784K, reserved 1048576K
}

